[23:48:07] [ServerMain/INFO]: Environment: Environment[sessionHost=https://sessionserver.mojang.com, servicesHost=https://api.minecraftservices.com, profilesHost=https://api.mojang.com, name=PROD]
[23:48:08] [ServerMain/INFO]: No existing world data, creating new world
[23:48:08] [ServerMain/INFO]: Loaded 1470 recipes
[23:48:08] [ServerMain/INFO]: Loaded 1584 advancements
[23:48:09] [Server thread/INFO]: Starting minecraft server version 1.21.11
[23:48:09] [Server thread/INFO]: Loading properties
[23:48:09] [Server thread/INFO]: Default game type: SURVIVAL
[23:48:09] [Server thread/INFO]: Generating keypair
[23:48:09] [Server thread/INFO]: Starting Minecraft server on *:25565
[23:48:09] [Server thread/WARN]: **** SERVER IS RUNNING IN OFFLINE/INSECURE MODE!
[23:48:09] [Server thread/WARN]: The server will make no attempt to authenticate usernames. Beware.
[23:48:09] [Server thread/WARN]: While this makes the game possible to play without internet access, it also opens up the ability for hackers to connect with any username they choose.
[23:48:09] [Server thread/WARN]: To change this, set "online-mode" to "true" in the server.properties file.
[23:48:09] [Server thread/INFO]: Preparing level "world"
[23:48:09] [Server thread/INFO]: Selecting global world spawn...
[23:48:14] [Server thread/INFO]: Loading 0 persistent chunks...
[23:48:14] [Server thread/INFO]: Preparing spawn area: 100%
[23:48:14] [Server thread/INFO]: Time elapsed: 4497 ms
[23:48:14] [Server thread/INFO]: Done (4.952s)! For help, type "help"
[23:49:14] [Server thread/INFO]: Server empty for 60 seconds, pausing
